\BOOKMARK [1][-]{section.1}{Introduction}{}% 1
\BOOKMARK [1][-]{section.2}{MPU9250 Sensor Data and Movement Detection}{}% 2
\BOOKMARK [2][-]{subsection.2.1}{Sensor Overview}{section.2}% 3
\BOOKMARK [2][-]{subsection.2.2}{Data Acquisition}{section.2}% 4
\BOOKMARK [2][-]{subsection.2.3}{Threshold-Based Movement Detection}{section.2}% 5
\BOOKMARK [2][-]{subsection.2.4}{Controlling LEDs and PWM}{section.2}% 6
\BOOKMARK [2][-]{subsection.2.5}{Status Publishing}{section.2}% 7
\BOOKMARK [1][-]{section.3}{MQTT Communication Architecture}{}% 8
\BOOKMARK [2][-]{subsection.3.1}{Restore request and response flow}{section.3}% 9
\BOOKMARK [1][-]{section.4}{Node-RED and InfluxDB Integration}{}% 10
\BOOKMARK [2][-]{subsection.4.1}{Node-RED Flow Design}{section.4}% 11
\BOOKMARK [2][-]{subsection.4.2}{InfluxDB Query}{section.4}% 12
\BOOKMARK [2][-]{subsection.4.3}{State Restoration}{section.4}% 13
\BOOKMARK [2][-]{subsection.4.4}{UI visualization}{section.4}% 14
\BOOKMARK [1][-]{section.5}{Summary of Data Flow}{}% 15
\BOOKMARK [1][-]{section.6}{Motion detection via machine learning}{}% 16
\BOOKMARK [2][-]{subsection.6.1}{Data acquisition}{section.6}% 17
\BOOKMARK [2][-]{subsection.6.2}{LEDs activation}{section.6}% 18
\BOOKMARK [2][-]{subsection.6.3}{Control of PWM}{section.6}% 19
\BOOKMARK [3][-]{subsubsection.6.3.1}{Classifier's training and integration with the ESP32 platform.}{subsection.6.3}% 20
\BOOKMARK [2][-]{subsection.6.4}{Classifier selection}{section.6}% 21
\BOOKMARK [1][-]{section.7}{Containerizing server side}{}% 22
\BOOKMARK [2][-]{subsection.7.1}{Current MQTT communication architecture}{section.7}% 23
\BOOKMARK [2][-]{subsection.7.2}{Grafana visualization}{section.7}% 24
